[INFO] Scanning for projects...
[INFO] 
[INFO] ---------------------< cl.pymetrack:ms-productos >----------------------
[INFO] Building MS-Productos 1.0.0
[INFO]   from pom.xml
[INFO] --------------------------------[ jar ]---------------------------------
[INFO] 
[INFO] >>> spring-boot:3.2.0:run (default-cli) > test-compile @ ms-productos >>>
[WARNING] The artifact mysql:mysql-connector-java:jar:8.0.33 has been relocated to com.mysql:mysql-connector-j:jar:8.0.33: MySQL Connector/J artifacts moved to reverse-DNS compliant Maven 2+ coordinates.
[INFO] 
[INFO] --- resources:3.3.1:resources (default-resources) @ ms-productos ---
[INFO] Copying 2 resources from src/main/resources to target/classes
[INFO] Copying 0 resource from src/main/resources to target/classes
[INFO] 
[INFO] --- compiler:3.11.0:compile (default-compile) @ ms-productos ---
[INFO] Changes detected - recompiling the module! :source
[INFO] Compiling 14 source files with javac [debug release 17] to target/classes
[INFO] 
[INFO] --- resources:3.3.1:testResources (default-testResources) @ ms-productos ---
[INFO] skip non existing resourceDirectory /Users/alvaro/Desktop/ING. INFORMÁTICA/V SEM - 2026/FULLSTACK III/ENCARGO 2/pymetrack-mvp/backend/ms-productos/src/test/resources
[INFO] 
[INFO] --- compiler:3.11.0:testCompile (default-testCompile) @ ms-productos ---
[INFO] Changes detected - recompiling the module! :dependency
[INFO] 
[INFO] <<< spring-boot:3.2.0:run (default-cli) < test-compile @ ms-productos <<<
[INFO] 
[INFO] 
[INFO] --- spring-boot:3.2.0:run (default-cli) @ ms-productos ---
[INFO] Attaching agents: []

  .   ____          _            __ _ _
 /\\ / ___'_ __ _ _(_)_ __  __ _ \ \ \ \
( ( )\___ | '_ | '_| | '_ \/ _` | \ \ \ \
 \\/  ___)| |_)| | | | | || (_| |  ) ) ) )
  '  |____| .__|_| |_|_| |_\__, | / / / /
 =========|_|==============|___/=/_/_/_/
 :: Spring Boot ::                (v3.2.0)

2026-05-04T23:37:47.940-04:00  INFO 10968 --- [ms-productos] [           main] c.p.msproductos.MsProductosApplication   : Starting MsProductosApplication using Java 25.0.2 with PID 10968 (/Users/alvaro/Desktop/ING. INFORMÁTICA/V SEM - 2026/FULLSTACK III/ENCARGO 2/pymetrack-mvp/backend/ms-productos/target/classes started by alvaro in /Users/alvaro/Desktop/ING. INFORMÁTICA/V SEM - 2026/FULLSTACK III/ENCARGO 2/pymetrack-mvp/backend/ms-productos)
2026-05-04T23:37:47.941-04:00 DEBUG 10968 --- [ms-productos] [           main] c.p.msproductos.MsProductosApplication   : Running with Spring Boot v3.2.0, Spring v6.1.1
2026-05-04T23:37:47.941-04:00  INFO 10968 --- [ms-productos] [           main] c.p.msproductos.MsProductosApplication   : No active profile set, falling back to 1 default profile: "default"
2026-05-04T23:37:48.255-04:00  INFO 10968 --- [ms-productos] [           main] .s.d.r.c.RepositoryConfigurationDelegate : Bootstrapping Spring Data JPA repositories in DEFAULT mode.
2026-05-04T23:37:48.277-04:00  INFO 10968 --- [ms-productos] [           main] .s.d.r.c.RepositoryConfigurationDelegate : Finished Spring Data repository scanning in 19 ms. Found 2 JPA repository interfaces.
WARNING: A restricted method in java.lang.System has been called
WARNING: java.lang.System::load has been called by org.apache.tomcat.jni.Library in an unnamed module (file:/Users/alvaro/.m2/repository/org/apache/tomcat/embed/tomcat-embed-core/10.1.16/tomcat-embed-core-10.1.16.jar)
WARNING: Use --enable-native-access=ALL-UNNAMED to avoid a warning for callers in this module
WARNING: Restricted methods will be blocked in a future release unless native access is enabled

2026-05-04T23:37:48.573-04:00  INFO 10968 --- [ms-productos] [           main] o.s.b.w.embedded.tomcat.TomcatWebServer  : Tomcat initialized with port 8081 (http)
2026-05-04T23:37:48.578-04:00  INFO 10968 --- [ms-productos] [           main] o.apache.catalina.core.StandardService   : Starting service [Tomcat]
2026-05-04T23:37:48.578-04:00  INFO 10968 --- [ms-productos] [           main] o.apache.catalina.core.StandardEngine    : Starting Servlet engine: [Apache Tomcat/10.1.16]
2026-05-04T23:37:48.596-04:00  INFO 10968 --- [ms-productos] [           main] o.a.c.c.C.[.[localhost].[/api/v1]        : Initializing Spring embedded WebApplicationContext
2026-05-04T23:37:48.597-04:00  INFO 10968 --- [ms-productos] [           main] w.s.c.ServletWebServerApplicationContext : Root WebApplicationContext: initialization completed in 638 ms
2026-05-04T23:37:48.725-04:00  INFO 10968 --- [ms-productos] [           main] o.hibernate.jpa.internal.util.LogHelper  : HHH000204: Processing PersistenceUnitInfo [name: default]
2026-05-04T23:37:48.745-04:00  INFO 10968 --- [ms-productos] [           main] org.hibernate.Version                    : HHH000412: Hibernate ORM core version 6.3.1.Final
2026-05-04T23:37:48.757-04:00  INFO 10968 --- [ms-productos] [           main] o.h.c.internal.RegionFactoryInitiator    : HHH000026: Second-level cache disabled
2026-05-04T23:37:48.850-04:00  INFO 10968 --- [ms-productos] [           main] o.s.o.j.p.SpringPersistenceUnitInfo      : No LoadTimeWeaver setup: ignoring JPA class transformer
2026-05-04T23:37:48.860-04:00  INFO 10968 --- [ms-productos] [           main] com.zaxxer.hikari.HikariDataSource       : HikariPool-1 - Starting...
2026-05-04T23:37:48.937-04:00  INFO 10968 --- [ms-productos] [           main] com.zaxxer.hikari.pool.HikariPool        : HikariPool-1 - Added connection com.mysql.cj.jdbc.ConnectionImpl@50fd739d
2026-05-04T23:37:48.938-04:00  INFO 10968 --- [ms-productos] [           main] com.zaxxer.hikari.HikariDataSource       : HikariPool-1 - Start completed.
2026-05-04T23:37:48.970-04:00  WARN 10968 --- [ms-productos] [           main] org.hibernate.orm.deprecation            : HHH90000025: MySQLDialect does not need to be specified explicitly using 'hibernate.dialect' (remove the property setting and it will be selected by default)
2026-05-04T23:37:49.450-04:00  INFO 10968 --- [ms-productos] [           main] o.h.e.t.j.p.i.JtaPlatformInitiator       : HHH000489: No JTA platform available (set 'hibernate.transaction.jta.platform' to enable JTA platform integration)
2026-05-04T23:37:49.482-04:00  INFO 10968 --- [ms-productos] [           main] j.LocalContainerEntityManagerFactoryBean : Initialized JPA EntityManagerFactory for persistence unit 'default'
2026-05-04T23:37:49.682-04:00  INFO 10968 --- [ms-productos] [           main] o.s.d.j.r.query.QueryEnhancerFactory     : Hibernate is in classpath; If applicable, HQL parser will be used.
2026-05-04T23:37:50.450-04:00  INFO 10968 --- [ms-productos] [           main] o.s.b.a.e.web.EndpointLinksResolver      : Exposing 3 endpoint(s) beneath base path '/actuator'
2026-05-04T23:37:50.487-04:00  INFO 10968 --- [ms-productos] [           main] o.s.b.w.embedded.tomcat.TomcatWebServer  : Tomcat started on port 8081 (http) with context path '/api/v1'
2026-05-04T23:37:50.494-04:00  INFO 10968 --- [ms-productos] [           main] c.p.msproductos.MsProductosApplication   : Started MsProductosApplication in 2.708 seconds (process running for 2.828)
2026-05-04T23:38:00.877-04:00  INFO 10968 --- [ms-productos] [nio-8081-exec-1] o.a.c.c.C.[.[localhost].[/api/v1]        : Initializing Spring DispatcherServlet 'dispatcherServlet'
2026-05-04T23:38:00.878-04:00  INFO 10968 --- [ms-productos] [nio-8081-exec-1] o.s.web.servlet.DispatcherServlet        : Initializing Servlet 'dispatcherServlet'
2026-05-04T23:38:00.879-04:00  INFO 10968 --- [ms-productos] [nio-8081-exec-1] o.s.web.servlet.DispatcherServlet        : Completed initialization in 1 ms
2026-05-04T23:38:00.903-04:00  WARN 10968 --- [ms-productos] [nio-8081-exec-1] .w.s.m.s.DefaultHandlerExceptionResolver : Resolved [org.springframework.web.HttpRequestMethodNotSupportedException: Request method 'GET' is not supported]
2026-05-05T01:38:30.571-04:00  INFO 10968 --- [ms-productos] [ionShutdownHook] j.LocalContainerEntityManagerFactoryBean : Closing JPA EntityManagerFactory for persistence unit 'default'
2026-05-05T01:38:30.588-04:00  INFO 10968 --- [ms-productos] [ionShutdownHook] com.zaxxer.hikari.HikariDataSource       : HikariPool-1 - Shutdown initiated...
2026-05-05T01:38:30.597-04:00  INFO 10968 --- [ms-productos] [ionShutdownHook] com.zaxxer.hikari.HikariDataSource       : HikariPool-1 - Shutdown completed.
